<?xml version="1.0" encoding="UTF-8"?>
<!-- Generated by org.testng.reporters.JUnitXMLReporter -->
<testsuite hostname="DESKTOP-D0UG65H" name="OrangeHrmTest" tests="3" failures="0" timestamp="16 Nov 2021 10:47:16 GMT" time="49.685" errors="0">
  <testcase name="launchApp" time="16.232" classname="com.sel.test.OrangeHrm"/>
  <testcase name="clickOnOrangeDemo" time="2.295" classname="com.sel.test.OrangeHrm"/>
  <testcase name="orangeDemoRegPage" time="31.144" classname="com.sel.test.OrangeHrm"/>
</testsuite> <!-- OrangeHrmTest -->
