<?xml version="1.0" encoding="UTF-8"?>
<!-- Generated by org.testng.reporters.JUnitXMLReporter -->
<testsuite hostname="DESKTOP-D0UG65H" ignored="0" name="OrangeHrmTest" tests="3" failures="0" timestamp="2021-11-16T16:18:26 IST" time="44.777" errors="0">
  <testcase name="launchApp" time="11.372" classname="com.sel.test.OrangeHrm"/>
  <testcase name="clickOnOrangeDemo" time="2.232" classname="com.sel.test.OrangeHrm"/>
  <testcase name="orangeDemoRegPage" time="31.146" classname="com.sel.test.OrangeHrm"/>
</testsuite> <!-- OrangeHrmTest -->
