<?xml version="1.0" encoding="UTF-8"?>
<testng-results skipped="0" failed="0" total="3" passed="3">
  <reporter-output>
  </reporter-output>
  <suite name="Suite" duration-ms="49685" started-at="2021-11-16T10:46:27Z" finished-at="2021-11-16T10:47:16Z">
    <groups>
    </groups>
    <test name="OrangeHrmTest" duration-ms="49685" started-at="2021-11-16T10:46:27Z" finished-at="2021-11-16T10:47:16Z">
      <class name="com.sel.test.OrangeHrm">
        <test-method status="PASS" signature="launchApp(java.lang.String)[pri:1, instance:com.sel.test.OrangeHrm@3cda1055]" name="launchApp" duration-ms="16232" started-at="2021-11-16T16:16:27Z" finished-at="2021-11-16T16:16:43Z">
          <params>
            <param index="0">
              <value>
                <![CDATA[https://www.orangehrm.com/]]>
              </value>
            </param>
          </params>
          <reporter-output>
          </reporter-output>
        </test-method> <!-- launchApp -->
        <test-method status="PASS" signature="clickOnOrangeDemo()[pri:2, instance:com.sel.test.OrangeHrm@3cda1055]" name="clickOnOrangeDemo" duration-ms="2295" started-at="2021-11-16T16:16:43Z" finished-at="2021-11-16T16:16:45Z">
          <reporter-output>
          </reporter-output>
        </test-method> <!-- clickOnOrangeDemo -->
        <test-method status="PASS" signature="orangeDemoRegPage(java.lang.String, java.lang.String, java.lang.String, java.lang.String, java.lang.String, java.lang.String)[pri:3, instance:com.sel.test.OrangeHrm@3cda1055]" name="orangeDemoRegPage" duration-ms="31144" started-at="2021-11-16T16:16:45Z" data-provider="getTestData" finished-at="2021-11-16T16:17:16Z">
          <params>
            <param index="0">
              <value>
                <![CDATA[Architha]]>
              </value>
            </param>
            <param index="1">
              <value>
                <![CDATA[Gadi]]>
              </value>
            </param>
            <param index="2">
              <value>
                <![CDATA[arc@gmail.com]]>
              </value>
            </param>
            <param index="3">
              <value>
                <![CDATA[998765432]]>
              </value>
            </param>
            <param index="4">
              <value>
                <![CDATA[India]]>
              </value>
            </param>
            <param index="5">
              <value>
                <![CDATA[Telangana]]>
              </value>
            </param>
          </params>
          <reporter-output>
          </reporter-output>
        </test-method> <!-- orangeDemoRegPage -->
      </class> <!-- com.sel.test.OrangeHrm -->
    </test> <!-- OrangeHrmTest -->
  </suite> <!-- Suite -->
</testng-results>
